
          -----------------------------------
<- UTC|KMS: 12-07-2022 16:42:14 | 12-07-2022 13:42:14 --
=========================================================
KMS Server Service Emulator v2.0.7 (04/10/2018) Starting ...
=========================================================
KMS Server Service Emulator Parameters:

          Windows PID: RandomKMSPID 
      Office 2010 PID: RandomKMSPID 
      Office 2013 PID: RandomKMSPID 
      Office 2016 PID: RandomKMSPID 
                 Port: 1688 
  Activation Interval: 43200 minutes
     Renewal Interval: 43200 minutes
                Debug: Disabled
                 Hwid: DF279A0090B8D83E 

KMS Server Service Emulator v2.0.7 (04/10/2018) running ...
          -----------------------------------

          -----------------------------------
<- UTC|KMS: 12-07-2022 16:53:00 | 12-07-2022 13:53:00 --
=========================================================
KMS Server Service Emulator v2.0.7 (04/10/2018) Starting ...
=========================================================
KMS Server Service Emulator Parameters:

          Windows PID: RandomKMSPID 
      Office 2010 PID: RandomKMSPID 
      Office 2013 PID: RandomKMSPID 
      Office 2016 PID: RandomKMSPID 
                 Port: 1688 
  Activation Interval: 43200 minutes
     Renewal Interval: 43200 minutes
                Debug: Disabled
                 Hwid: DF279A0090B8D83E 

KMS Server Service Emulator v2.0.7 (04/10/2018) running ...
          -----------------------------------

          -----------------------------------
<- UTC|KMS: 12-07-2022 16:53:39 | 12-07-2022 13:53:39 --
=========================================================
KMS Server Service Emulator v2.0.7 (04/10/2018) Starting ...
=========================================================
KMS Server Service Emulator Parameters:

          Windows PID: RandomKMSPID 
      Office 2010 PID: RandomKMSPID 
      Office 2013 PID: RandomKMSPID 
      Office 2016 PID: RandomKMSPID 
                 Port: 1688 
  Activation Interval: 43200 minutes
     Renewal Interval: 43200 minutes
                Debug: Disabled
                 Hwid: DF279A0090B8D83E 

KMS Server Service Emulator v2.0.7 (04/10/2018) running ...
          -----------------------------------

          -----------------------------------
<- UTC|KMS: 12-07-2022 16:54:29 | 12-07-2022 13:54:29 --
=========================================================
KMS Server Service Emulator v2.0.7 (04/10/2018) Starting ...
=========================================================
KMS Server Service Emulator Parameters:

          Windows PID: RandomKMSPID 
      Office 2010 PID: RandomKMSPID 
      Office 2013 PID: RandomKMSPID 
      Office 2016 PID: RandomKMSPID 
                 Port: 1688 
  Activation Interval: 43200 minutes
     Renewal Interval: 43200 minutes
                Debug: Disabled
                 Hwid: DF279A0090B8D83E 

KMS Server Service Emulator v2.0.7 (04/10/2018) running ...
          -----------------------------------
